2019-02-27 01:33:45 - Starting C:\Program Files\nodejs\node.exe  --harmony C:\Users\admin\AppData\Roaming\npm\node_modules\node-windows\lib\wrapper.js --file D:\project\m2d\app.js --log "Automation Zippers wrapper" --grow 0.25 --wait 1 --maxrestarts 3 --abortonerror n --stopparentfirst undefined
2019-02-27 01:33:46 - Started 11012
2019-02-27 01:35:16 - Starting C:\Program Files\nodejs\node.exe  --harmony C:\Users\admin\AppData\Roaming\npm\node_modules\node-windows\lib\wrapper.js --file D:\project\m2d\app.js --log "Automation Zippers wrapper" --grow 0.25 --wait 1 --maxrestarts 3 --abortonerror n --stopparentfirst undefined
2019-02-27 01:35:16 - Started 8528
2019-02-27 01:39:04 - Starting C:\Program Files\nodejs\node.exe  --harmony C:\Users\admin\AppData\Roaming\npm\node_modules\node-windows\lib\wrapper.js --file D:\project\m2d\app.js --log "Automation Zippers wrapper" --grow 0.25 --wait 1 --maxrestarts 3 --abortonerror n --stopparentfirst undefined
2019-02-27 01:39:04 - Started 4904
2019-02-27 01:51:23 - Starting C:\Program Files\nodejs\node.exe  --harmony C:\Users\admin\AppData\Roaming\npm\node_modules\node-windows\lib\wrapper.js --file D:\project\m2d\app.js --log "Automation Zippers wrapper" --grow 0.25 --wait 1 --maxrestarts 3 --abortonerror n --stopparentfirst undefined
2019-02-27 01:51:23 - Started 5596
2019-02-27 01:52:34 - Starting C:\Program Files\nodejs\node.exe  --harmony C:\Users\admin\AppData\Roaming\npm\node_modules\node-windows\lib\wrapper.js --file D:\project\m2d\app.js --log "Automation Zippers wrapper" --grow 0.25 --wait 1 --maxrestarts 3 --abortonerror n --stopparentfirst undefined
2019-02-27 01:52:34 - Started 9224
2019-02-27 01:53:44 - Starting C:\Program Files\nodejs\node.exe  --harmony C:\Users\admin\AppData\Roaming\npm\node_modules\node-windows\lib\wrapper.js --file D:\project\m2d\app.js --log "Automation Zippers wrapper" --grow 0.25 --wait 1 --maxrestarts 3 --abortonerror n --stopparentfirst undefined
2019-02-27 01:53:44 - Started 10192
2019-02-27 01:54:55 - Starting C:\Program Files\nodejs\node.exe  --harmony C:\Users\admin\AppData\Roaming\npm\node_modules\node-windows\lib\wrapper.js --file D:\project\m2d\app.js --log "Automation Zippers wrapper" --grow 0.25 --wait 1 --maxrestarts 3 --abortonerror n --stopparentfirst undefined
2019-02-27 01:54:55 - Started 9740
2019-02-27 01:56:06 - Starting C:\Program Files\nodejs\node.exe  --harmony C:\Users\admin\AppData\Roaming\npm\node_modules\node-windows\lib\wrapper.js --file D:\project\m2d\app.js --log "Automation Zippers wrapper" --grow 0.25 --wait 1 --maxrestarts 3 --abortonerror n --stopparentfirst undefined
2019-02-27 01:56:06 - Started 220
2019-02-27 01:57:16 - Starting C:\Program Files\nodejs\node.exe  --harmony C:\Users\admin\AppData\Roaming\npm\node_modules\node-windows\lib\wrapper.js --file D:\project\m2d\app.js --log "Automation Zippers wrapper" --grow 0.25 --wait 1 --maxrestarts 3 --abortonerror n --stopparentfirst undefined
2019-02-27 01:57:16 - Started 4744
2019-02-27 01:58:33 - Starting C:\Program Files\nodejs\node.exe  --harmony C:\Users\admin\AppData\Roaming\npm\node_modules\node-windows\lib\wrapper.js --file D:\project\m2d\app.js --log "Automation Zippers wrapper" --grow 0.25 --wait 1 --maxrestarts 3 --abortonerror n --stopparentfirst undefined
2019-02-27 01:58:33 - Started 3324
2019-02-27 01:59:41 - Stopping automationzippers.exe
2019-02-27 01:59:41 - ProcessKill 3324
2019-02-27 01:59:42 - Found child process: 208 Name: conhost.exe
2019-02-27 01:59:42 - Found child process: 1884 Name: node.exe
2019-02-27 01:59:42 - Stopping process 208
2019-02-27 01:59:42 - Send SIGINT 208
2019-02-27 01:59:42 - SIGINT to 208 failed - Killing as fallback
2019-02-27 01:59:42 - Stopping process 1884
2019-02-27 01:59:42 - Send SIGINT 1884
2019-02-27 01:59:42 - SIGINT to 1884 failed - Killing as fallback
2019-02-27 01:59:42 - Stopping process 3324
2019-02-27 01:59:42 - Send SIGINT 3324
2019-02-27 01:59:42 - SIGINT to 3324 failed - Killing as fallback
2019-02-27 01:59:42 - Finished automationzippers.exe
2019-02-27 01:59:58 - Starting C:\Program Files\nodejs\node.exe  --harmony C:\Users\admin\AppData\Roaming\npm\node_modules\node-windows\lib\wrapper.js --file D:\project\m2d\app.js --log "Automation Zippers wrapper" --grow 0.25 --wait 1 --maxrestarts 3 --abortonerror n --stopparentfirst undefined
2019-02-27 01:59:58 - Started 360
2019-02-27 03:57:29 - Stopping automationzippers.exe
2019-02-27 03:57:29 - ProcessKill 360
2019-02-27 03:57:29 - Found child process: 7908 Name: conhost.exe
2019-02-27 03:57:29 - Found child process: 4640 Name: node.exe
2019-02-27 03:57:29 - Stopping process 7908
2019-02-27 03:57:29 - Send SIGINT 7908
2019-02-27 03:57:29 - SIGINT to 7908 failed - Killing as fallback
2019-02-27 03:57:29 - Stopping process 4640
2019-02-27 03:57:29 - Send SIGINT 4640
2019-02-27 03:57:29 - SIGINT to 4640 failed - Killing as fallback
2019-02-27 03:57:29 - Stopping process 360
2019-02-27 03:57:29 - Send SIGINT 360
2019-02-27 03:57:30 - SIGINT to 360 failed - Killing as fallback
2019-02-27 03:57:30 - Finished automationzippers.exe
2019-02-27 03:57:30 - Starting C:\Program Files\nodejs\node.exe  --harmony C:\Users\admin\AppData\Roaming\npm\node_modules\node-windows\lib\wrapper.js --file D:\project\m2d\app.js --log "Automation Zippers wrapper" --grow 0.25 --wait 1 --maxrestarts 3 --abortonerror n --stopparentfirst undefined
2019-02-27 03:57:31 - Started 1836
2019-02-27 04:28:03 - Stopping automationzippers.exe
2019-02-27 04:28:03 - ProcessKill 1836
2019-02-27 04:28:05 - Found child process: 4576 Name: conhost.exe
2019-02-27 04:28:05 - Found child process: 11220 Name: node.exe
2019-02-27 04:28:05 - Stopping process 4576
2019-02-27 04:28:05 - Send SIGINT 4576
2019-02-27 04:28:06 - SIGINT to 4576 failed - Killing as fallback
2019-02-27 04:28:06 - Stopping process 11220
2019-02-27 04:28:06 - Send SIGINT 11220
2019-02-27 04:28:06 - SIGINT to 11220 failed - Killing as fallback
2019-02-27 04:28:06 - Stopping process 1836
2019-02-27 04:28:06 - Send SIGINT 1836
2019-02-27 04:28:06 - SIGINT to 1836 failed - Killing as fallback
2019-02-27 04:28:06 - Finished automationzippers.exe
2019-02-27 04:28:08 - Starting C:\Program Files\nodejs\node.exe  --harmony C:\Users\admin\AppData\Roaming\npm\node_modules\node-windows\lib\wrapper.js --file D:\project\m2d\app.js --log "Automation Zippers wrapper" --grow 0.25 --wait 1 --maxrestarts 3 --abortonerror n --stopparentfirst undefined
2019-02-27 04:28:08 - Started 8700
2019-02-28 00:04:36 - Stopping automationzippers.exe
2019-02-28 00:04:36 - ProcessKill 8700
2019-02-28 00:04:37 - Found child process: 11840 Name: conhost.exe
2019-02-28 00:04:37 - Found child process: 6560 Name: node.exe
2019-02-28 00:04:37 - Stopping process 11840
2019-02-28 00:04:37 - Send SIGINT 11840
2019-02-28 00:04:37 - SIGINT to 11840 failed - Killing as fallback
2019-02-28 00:04:37 - Stopping process 6560
2019-02-28 00:04:37 - Send SIGINT 6560
2019-02-28 00:04:37 - SIGINT to 6560 failed - Killing as fallback
2019-02-28 00:04:37 - Stopping process 8700
2019-02-28 00:04:37 - Send SIGINT 8700
2019-02-28 00:04:37 - SIGINT to 8700 failed - Killing as fallback
2019-02-28 00:04:37 - Finished automationzippers.exe
2019-02-28 00:04:38 - Starting C:\Program Files\nodejs\node.exe  --harmony C:\Users\admin\AppData\Roaming\npm\node_modules\node-windows\lib\wrapper.js --file D:\project\m2d\app.js --log "Automation Zippers wrapper" --grow 0.25 --wait 1 --maxrestarts 3 --abortonerror n --stopparentfirst undefined
2019-02-28 00:04:38 - Started 7804
2019-02-28 01:12:32 - Stopping automationzippers.exe
2019-02-28 01:12:32 - ProcessKill 7804
2019-02-28 01:12:33 - Found child process: 13244 Name: conhost.exe
2019-02-28 01:12:33 - Found child process: 11928 Name: node.exe
2019-02-28 01:12:33 - Stopping process 13244
2019-02-28 01:12:33 - Send SIGINT 13244
2019-02-28 01:12:33 - SIGINT to 13244 failed - Killing as fallback
2019-02-28 01:12:33 - Stopping process 11928
2019-02-28 01:12:33 - Send SIGINT 11928
2019-02-28 01:12:33 - SIGINT to 11928 failed - Killing as fallback
2019-02-28 01:12:33 - Stopping process 7804
2019-02-28 01:12:33 - Send SIGINT 7804
2019-02-28 01:12:33 - SIGINT to 7804 failed - Killing as fallback
2019-02-28 01:12:33 - Finished automationzippers.exe
2019-02-28 01:12:34 - Starting C:\Program Files\nodejs\node.exe  --harmony C:\Users\admin\AppData\Roaming\npm\node_modules\node-windows\lib\wrapper.js --file D:\project\m2d\app.js --log "Automation Zippers wrapper" --grow 0.25 --wait 1 --maxrestarts 3 --abortonerror n --stopparentfirst undefined
2019-02-28 01:12:34 - Started 12000
2019-02-28 01:31:46 - Stopping automationzippers.exe
2019-02-28 01:31:46 - ProcessKill 12000
2019-02-28 01:31:46 - Found child process: 2828 Name: conhost.exe
2019-02-28 01:31:46 - Found child process: 3360 Name: node.exe
2019-02-28 01:31:46 - Stopping process 2828
2019-02-28 01:31:46 - Send SIGINT 2828
2019-02-28 01:31:46 - SIGINT to 2828 failed - Killing as fallback
2019-02-28 01:31:46 - Stopping process 3360
2019-02-28 01:31:46 - Send SIGINT 3360
2019-02-28 01:31:46 - SIGINT to 3360 failed - Killing as fallback
2019-02-28 01:31:46 - Stopping process 12000
2019-02-28 01:31:46 - Send SIGINT 12000
2019-02-28 01:31:46 - SIGINT to 12000 failed - Killing as fallback
2019-02-28 01:31:46 - Finished automationzippers.exe
2019-02-28 01:31:47 - Starting C:\Program Files\nodejs\node.exe  --harmony C:\Users\admin\AppData\Roaming\npm\node_modules\node-windows\lib\wrapper.js --file D:\project\m2d\app.js --log "Automation Zippers wrapper" --grow 0.25 --wait 1 --maxrestarts 3 --abortonerror n --stopparentfirst undefined
2019-02-28 01:31:47 - Started 10508
2019-02-28 02:00:42 - Stopping automationzippers.exe
2019-02-28 02:00:42 - ProcessKill 10508
2019-02-28 02:00:43 - Found child process: 172 Name: conhost.exe
2019-02-28 02:00:43 - Found child process: 11760 Name: node.exe
2019-02-28 02:00:43 - Stopping process 172
2019-02-28 02:00:43 - Send SIGINT 172
2019-02-28 02:00:43 - SIGINT to 172 failed - Killing as fallback
2019-02-28 02:00:43 - Stopping process 11760
2019-02-28 02:00:43 - Send SIGINT 11760
2019-02-28 02:00:43 - SIGINT to 11760 failed - Killing as fallback
2019-02-28 02:00:43 - Stopping process 10508
2019-02-28 02:00:43 - Send SIGINT 10508
2019-02-28 02:00:43 - SIGINT to 10508 failed - Killing as fallback
2019-02-28 02:00:43 - Finished automationzippers.exe
2019-02-28 02:00:44 - Starting C:\Program Files\nodejs\node.exe  --harmony C:\Users\admin\AppData\Roaming\npm\node_modules\node-windows\lib\wrapper.js --file D:\project\m2d\app.js --log "Automation Zippers wrapper" --grow 0.25 --wait 1 --maxrestarts 3 --abortonerror n --stopparentfirst undefined
2019-02-28 02:00:44 - Started 10028
2019-02-28 02:09:17 - Stopping automationzippers.exe
2019-02-28 02:09:17 - ProcessKill 10028
2019-02-28 02:09:17 - Found child process: 1308 Name: conhost.exe
2019-02-28 02:09:17 - Found child process: 10276 Name: node.exe
2019-02-28 02:09:17 - Stopping process 1308
2019-02-28 02:09:17 - Send SIGINT 1308
2019-02-28 02:09:17 - SIGINT to 1308 failed - Killing as fallback
2019-02-28 02:09:17 - Stopping process 10276
2019-02-28 02:09:17 - Send SIGINT 10276
2019-02-28 02:09:17 - SIGINT to 10276 failed - Killing as fallback
2019-02-28 02:09:17 - Stopping process 10028
2019-02-28 02:09:17 - Send SIGINT 10028
2019-02-28 02:09:17 - SIGINT to 10028 failed - Killing as fallback
2019-02-28 02:09:17 - Finished automationzippers.exe
2019-02-28 02:09:18 - Starting C:\Program Files\nodejs\node.exe  --harmony C:\Users\admin\AppData\Roaming\npm\node_modules\node-windows\lib\wrapper.js --file D:\project\m2d\app.js --log "Automation Zippers wrapper" --grow 0.25 --wait 1 --maxrestarts 3 --abortonerror n --stopparentfirst undefined
2019-02-28 02:09:18 - Started 11624
2019-02-28 02:33:29 - Stopping automationzippers.exe
2019-02-28 02:33:29 - ProcessKill 11624
2019-02-28 02:33:30 - Found child process: 3180 Name: conhost.exe
2019-02-28 02:33:30 - Found child process: 9448 Name: node.exe
2019-02-28 02:33:30 - Stopping process 3180
2019-02-28 02:33:30 - Send SIGINT 3180
2019-02-28 02:33:30 - SIGINT to 3180 failed - Killing as fallback
2019-02-28 02:33:30 - Stopping process 9448
2019-02-28 02:33:30 - Send SIGINT 9448
2019-02-28 02:33:30 - SIGINT to 9448 failed - Killing as fallback
2019-02-28 02:33:30 - Stopping process 11624
2019-02-28 02:33:30 - Send SIGINT 11624
2019-02-28 02:33:30 - SIGINT to 11624 failed - Killing as fallback
2019-02-28 02:33:30 - Finished automationzippers.exe
2019-02-28 02:33:31 - Starting C:\Program Files\nodejs\node.exe  --harmony C:\Users\admin\AppData\Roaming\npm\node_modules\node-windows\lib\wrapper.js --file D:\project\m2d\app.js --log "Automation Zippers wrapper" --grow 0.25 --wait 1 --maxrestarts 3 --abortonerror n --stopparentfirst undefined
2019-02-28 02:33:31 - Started 9520
2019-02-28 02:45:13 - Stopping automationzippers.exe
2019-02-28 02:45:13 - ProcessKill 9520
2019-02-28 02:45:14 - Found child process: 6240 Name: conhost.exe
2019-02-28 02:45:14 - Found child process: 8564 Name: node.exe
2019-02-28 02:45:14 - Stopping process 6240
2019-02-28 02:45:14 - Send SIGINT 6240
2019-02-28 02:45:14 - SIGINT to 6240 failed - Killing as fallback
2019-02-28 02:45:14 - Stopping process 8564
2019-02-28 02:45:14 - Send SIGINT 8564
2019-02-28 02:45:14 - SIGINT to 8564 failed - Killing as fallback
2019-02-28 02:45:14 - Stopping process 9520
2019-02-28 02:45:14 - Send SIGINT 9520
2019-02-28 02:45:14 - SIGINT to 9520 failed - Killing as fallback
2019-02-28 02:45:14 - Finished automationzippers.exe
2019-02-28 02:45:15 - Starting C:\Program Files\nodejs\node.exe  --harmony C:\Users\admin\AppData\Roaming\npm\node_modules\node-windows\lib\wrapper.js --file D:\project\m2d\app.js --log "Automation Zippers wrapper" --grow 0.25 --wait 1 --maxrestarts 3 --abortonerror n --stopparentfirst undefined
2019-02-28 02:45:15 - Started 4552
2019-02-28 02:50:01 - Stopping automationzippers.exe
2019-02-28 02:50:01 - ProcessKill 4552
2019-02-28 02:50:02 - Found child process: 12632 Name: conhost.exe
2019-02-28 02:50:02 - Found child process: 12460 Name: node.exe
2019-02-28 02:50:02 - Stopping process 12632
2019-02-28 02:50:02 - Send SIGINT 12632
2019-02-28 02:50:02 - SIGINT to 12632 failed - Killing as fallback
2019-02-28 02:50:02 - Stopping process 12460
2019-02-28 02:50:02 - Send SIGINT 12460
2019-02-28 02:50:02 - SIGINT to 12460 failed - Killing as fallback
2019-02-28 02:50:02 - Stopping process 4552
2019-02-28 02:50:02 - Send SIGINT 4552
2019-02-28 02:50:02 - SIGINT to 4552 failed - Killing as fallback
2019-02-28 02:50:02 - Finished automationzippers.exe
2019-02-28 02:50:03 - Starting C:\Program Files\nodejs\node.exe  --harmony C:\Users\admin\AppData\Roaming\npm\node_modules\node-windows\lib\wrapper.js --file D:\project\m2d\app.js --log "Automation Zippers wrapper" --grow 0.25 --wait 1 --maxrestarts 3 --abortonerror n --stopparentfirst undefined
2019-02-28 02:50:03 - Started 10508
2019-02-28 02:54:36 - Stopping automationzippers.exe
2019-02-28 02:54:36 - ProcessKill 10508
2019-02-28 02:54:36 - Found child process: 12252 Name: conhost.exe
2019-02-28 02:54:36 - Found child process: 8440 Name: node.exe
2019-02-28 02:54:37 - Stopping process 12252
2019-02-28 02:54:37 - Send SIGINT 12252
2019-02-28 02:54:37 - SIGINT to 12252 failed - Killing as fallback
2019-02-28 02:54:37 - Stopping process 8440
2019-02-28 02:54:37 - Send SIGINT 8440
2019-02-28 02:54:37 - SIGINT to 8440 failed - Killing as fallback
2019-02-28 02:54:37 - Stopping process 10508
2019-02-28 02:54:37 - Send SIGINT 10508
2019-02-28 02:54:37 - SIGINT to 10508 failed - Killing as fallback
2019-02-28 02:54:37 - Finished automationzippers.exe
2019-02-28 02:54:38 - Starting C:\Program Files\nodejs\node.exe  --harmony C:\Users\admin\AppData\Roaming\npm\node_modules\node-windows\lib\wrapper.js --file D:\project\m2d\app.js --log "Automation Zippers wrapper" --grow 0.25 --wait 1 --maxrestarts 3 --abortonerror n --stopparentfirst undefined
2019-02-28 02:54:38 - Started 8992
2019-02-28 03:02:34 - Stopping automationzippers.exe
2019-02-28 03:02:34 - ProcessKill 8992
2019-02-28 03:02:34 - Found child process: 11304 Name: conhost.exe
2019-02-28 03:02:34 - Found child process: 1220 Name: node.exe
2019-02-28 03:02:34 - Stopping process 11304
2019-02-28 03:02:34 - Send SIGINT 11304
2019-02-28 03:02:34 - SIGINT to 11304 failed - Killing as fallback
2019-02-28 03:02:34 - Stopping process 1220
2019-02-28 03:02:34 - Send SIGINT 1220
2019-02-28 03:02:34 - SIGINT to 1220 failed - Killing as fallback
2019-02-28 03:02:34 - Stopping process 8992
2019-02-28 03:02:34 - Send SIGINT 8992
2019-02-28 03:02:35 - SIGINT to 8992 failed - Killing as fallback
2019-02-28 03:02:35 - Finished automationzippers.exe
2019-02-28 03:02:36 - Starting C:\Program Files\nodejs\node.exe  --harmony C:\Users\admin\AppData\Roaming\npm\node_modules\node-windows\lib\wrapper.js --file D:\project\m2d\app.js --log "Automation Zippers wrapper" --grow 0.25 --wait 1 --maxrestarts 3 --abortonerror n --stopparentfirst undefined
2019-02-28 03:02:36 - Started 8428
2019-02-28 03:08:01 - Stopping automationzippers.exe
2019-02-28 03:08:01 - ProcessKill 8428
2019-02-28 03:08:01 - Found child process: 12728 Name: conhost.exe
2019-02-28 03:08:01 - Found child process: 11332 Name: node.exe
2019-02-28 03:08:01 - Stopping process 12728
2019-02-28 03:08:01 - Send SIGINT 12728
2019-02-28 03:08:01 - SIGINT to 12728 failed - Killing as fallback
2019-02-28 03:08:01 - Stopping process 11332
2019-02-28 03:08:01 - Send SIGINT 11332
2019-02-28 03:08:01 - SIGINT to 11332 failed - Killing as fallback
2019-02-28 03:08:01 - Stopping process 8428
2019-02-28 03:08:01 - Send SIGINT 8428
2019-02-28 03:08:01 - SIGINT to 8428 failed - Killing as fallback
2019-02-28 03:08:01 - Finished automationzippers.exe
2019-02-28 03:08:02 - Starting C:\Program Files\nodejs\node.exe  --harmony C:\Users\admin\AppData\Roaming\npm\node_modules\node-windows\lib\wrapper.js --file D:\project\m2d\app.js --log "Automation Zippers wrapper" --grow 0.25 --wait 1 --maxrestarts 3 --abortonerror n --stopparentfirst undefined
2019-02-28 03:08:02 - Started 11968
2019-03-01 13:28:39 - Stopping automationzippers.exe
2019-03-01 13:28:39 - ProcessKill 11968
2019-03-01 13:28:40 - Found child process: 9944 Name: conhost.exe
2019-03-01 13:28:40 - Found child process: 13092 Name: node.exe
2019-03-01 13:28:40 - Stopping process 9944
2019-03-01 13:28:40 - Send SIGINT 9944
2019-03-01 13:28:40 - SIGINT to 9944 failed - Killing as fallback
2019-03-01 13:28:40 - Stopping process 13092
2019-03-01 13:28:40 - Send SIGINT 13092
2019-03-01 13:28:40 - SIGINT to 13092 failed - Killing as fallback
2019-03-01 13:28:40 - Stopping process 11968
2019-03-01 13:28:40 - Send SIGINT 11968
2019-03-01 13:28:40 - SIGINT to 11968 failed - Killing as fallback
2019-03-01 13:28:40 - Finished automationzippers.exe
2019-03-01 13:28:43 - Starting C:\Program Files\nodejs\node.exe  --harmony C:\Users\admin\AppData\Roaming\npm\node_modules\node-windows\lib\wrapper.js --file D:\project\m2d\app.js --log "Automation Zippers wrapper" --grow 0.25 --wait 1 --maxrestarts 3 --abortonerror n --stopparentfirst undefined
2019-03-01 13:28:43 - Started 976
2019-03-01 13:29:12 - Stopping automationzippers.exe
2019-03-01 13:29:12 - ProcessKill 976
2019-03-01 13:29:13 - Found child process: 6124 Name: conhost.exe
2019-03-01 13:29:13 - Found child process: 5344 Name: node.exe
2019-03-01 13:29:13 - Stopping process 6124
2019-03-01 13:29:13 - Send SIGINT 6124
2019-03-01 13:29:13 - SIGINT to 6124 failed - Killing as fallback
2019-03-01 13:29:13 - Stopping process 5344
2019-03-01 13:29:13 - Send SIGINT 5344
2019-03-01 13:29:13 - SIGINT to 5344 failed - Killing as fallback
2019-03-01 13:29:13 - Stopping process 976
2019-03-01 13:29:13 - Send SIGINT 976
2019-03-01 13:29:13 - SIGINT to 976 failed - Killing as fallback
2019-03-01 13:29:13 - Finished automationzippers.exe
2019-03-01 13:29:14 - Starting C:\Program Files\nodejs\node.exe  --harmony C:\Users\admin\AppData\Roaming\npm\node_modules\node-windows\lib\wrapper.js --file D:\project\m2d\app.js --log "Automation Zippers wrapper" --grow 0.25 --wait 1 --maxrestarts 3 --abortonerror n --stopparentfirst undefined
2019-03-01 13:29:14 - Started 9604
2019-03-01 13:29:32 - Stopping automationzippers.exe
2019-03-01 13:29:32 - ProcessKill 9604
2019-03-01 13:29:32 - Found child process: 10600 Name: conhost.exe
2019-03-01 13:29:32 - Found child process: 9744 Name: node.exe
2019-03-01 13:29:32 - Stopping process 10600
2019-03-01 13:29:32 - Send SIGINT 10600
2019-03-01 13:29:32 - SIGINT to 10600 failed - Killing as fallback
2019-03-01 13:29:32 - Stopping process 9744
2019-03-01 13:29:32 - Send SIGINT 9744
2019-03-01 13:29:32 - SIGINT to 9744 failed - Killing as fallback
2019-03-01 13:29:32 - Stopping process 9604
2019-03-01 13:29:32 - Send SIGINT 9604
2019-03-01 13:29:32 - SIGINT to 9604 failed - Killing as fallback
2019-03-01 13:29:32 - Finished automationzippers.exe
2019-03-01 13:29:33 - Starting C:\Program Files\nodejs\node.exe  --harmony C:\Users\admin\AppData\Roaming\npm\node_modules\node-windows\lib\wrapper.js --file D:\project\m2d\app.js --log "Automation Zippers wrapper" --grow 0.25 --wait 1 --maxrestarts 3 --abortonerror n --stopparentfirst undefined
2019-03-01 13:29:33 - Started 12424
2019-03-02 17:48:42 - Stopping automationzippers.exe
2019-03-02 17:48:42 - ProcessKill 12424
2019-03-02 17:48:42 - Found child process: 4988 Name: conhost.exe
2019-03-02 17:48:42 - Found child process: 3936 Name: node.exe
2019-03-02 17:48:42 - Stopping process 4988
2019-03-02 17:48:42 - Send SIGINT 4988
2019-03-02 17:48:42 - SIGINT to 4988 failed - Killing as fallback
2019-03-02 17:48:42 - Stopping process 3936
2019-03-02 17:48:42 - Send SIGINT 3936
2019-03-02 17:48:42 - SIGINT to 3936 failed - Killing as fallback
2019-03-02 17:48:42 - Stopping process 12424
2019-03-02 17:48:43 - Send SIGINT 12424
2019-03-02 17:48:43 - SIGINT to 12424 failed - Killing as fallback
2019-03-02 17:48:43 - Finished automationzippers.exe
2019-03-02 17:48:44 - Starting C:\Program Files\nodejs\node.exe  --harmony C:\Users\admin\AppData\Roaming\npm\node_modules\node-windows\lib\wrapper.js --file D:\project\m2d\app.js --log "Automation Zippers wrapper" --grow 0.25 --wait 1 --maxrestarts 3 --abortonerror n --stopparentfirst undefined
2019-03-02 17:48:44 - Started 10856
2019-03-02 17:52:45 - Stopping automationzippers.exe
2019-03-02 17:52:45 - ProcessKill 10856
2019-03-02 17:52:45 - Found child process: 12548 Name: conhost.exe
2019-03-02 17:52:45 - Found child process: 2020 Name: node.exe
2019-03-02 17:52:45 - Stopping process 12548
2019-03-02 17:52:45 - Send SIGINT 12548
2019-03-02 17:52:45 - SIGINT to 12548 failed - Killing as fallback
2019-03-02 17:52:45 - Stopping process 2020
2019-03-02 17:52:45 - Send SIGINT 2020
2019-03-02 17:52:45 - SIGINT to 2020 failed - Killing as fallback
2019-03-02 17:52:45 - Stopping process 10856
2019-03-02 17:52:45 - Send SIGINT 10856
2019-03-02 17:52:45 - SIGINT to 10856 failed - Killing as fallback
2019-03-02 17:52:45 - Finished automationzippers.exe
2019-03-02 17:52:46 - Starting C:\Program Files\nodejs\node.exe  --harmony C:\Users\admin\AppData\Roaming\npm\node_modules\node-windows\lib\wrapper.js --file D:\project\m2d\app.js --log "Automation Zippers wrapper" --grow 0.25 --wait 1 --maxrestarts 3 --abortonerror n --stopparentfirst undefined
2019-03-02 17:52:46 - Started 10292
2019-03-02 18:28:22 - Stopping automationzippers.exe
2019-03-02 18:28:22 - ProcessKill 10292
2019-03-02 18:28:22 - Found child process: 13092 Name: conhost.exe
2019-03-02 18:28:22 - Found child process: 6044 Name: node.exe
2019-03-02 18:28:22 - Stopping process 13092
2019-03-02 18:28:22 - Send SIGINT 13092
2019-03-02 18:28:22 - SIGINT to 13092 failed - Killing as fallback
2019-03-02 18:28:22 - Stopping process 6044
2019-03-02 18:28:22 - Send SIGINT 6044
2019-03-02 18:28:22 - SIGINT to 6044 failed - Killing as fallback
2019-03-02 18:28:22 - Stopping process 10292
2019-03-02 18:28:22 - Send SIGINT 10292
2019-03-02 18:28:22 - SIGINT to 10292 failed - Killing as fallback
2019-03-02 18:28:22 - Finished automationzippers.exe
2019-03-04 14:21:01 - Starting C:\Program Files\nodejs\node.exe  --harmony C:\Users\admin\AppData\Roaming\npm\node_modules\node-windows\lib\wrapper.js --file D:\project\m2d\app.js --log "Automation Zippers wrapper" --grow 0.25 --wait 1 --maxrestarts 3 --abortonerror n --stopparentfirst undefined
2019-03-04 14:21:01 - Started 9176
2019-03-05 17:33:02 - Starting C:\Program Files\nodejs\node.exe  --harmony C:\Users\admin\AppData\Roaming\npm\node_modules\node-windows\lib\wrapper.js --file D:\project\m2d\app.js --log "Automation Zippers wrapper" --grow 0.25 --wait 1 --maxrestarts 3 --abortonerror n --stopparentfirst undefined
2019-03-05 17:33:02 - Started 6932
2019-03-06 17:30:06 - Starting C:\Program Files\nodejs\node.exe  --harmony C:\Users\admin\AppData\Roaming\npm\node_modules\node-windows\lib\wrapper.js --file D:\project\m2d\app.js --log "Automation Zippers wrapper" --grow 0.25 --wait 1 --maxrestarts 3 --abortonerror n --stopparentfirst undefined
2019-03-06 17:30:06 - Started 8896
2019-03-13 15:52:04 - Stopping automationzippers.exe
2019-03-13 15:52:04 - ProcessKill 8896
2019-03-13 15:52:31 - Shutdown exception
Message:The type initializer for 'System.Management.ManagementPath' threw an exception.
Stacktrace:   at System.Management.ManagementScope._Clone(ManagementScope scope, IdentifierChangedEventHandler handler)
   at System.Management.ManagementObjectSearcher..ctor(ManagementScope scope, ObjectQuery query, EnumerationOptions options)
   at winsw.WrapperService.GetChildPids(Int32 pid)
   at winsw.WrapperService.StopProcessAndChildren(Int32 pid)
   at winsw.WrapperService.StopIt()
   at winsw.WrapperService.OnShutdown()
2019-03-13 15:56:34 - Starting C:\Program Files\nodejs\node.exe  --harmony C:\Users\admin\AppData\Roaming\npm\node_modules\node-windows\lib\wrapper.js --file D:\project\m2d\app.js --log "Automation Zippers wrapper" --grow 0.25 --wait 1 --maxrestarts 3 --abortonerror n --stopparentfirst undefined
2019-03-13 15:56:34 - Started 7320
