{}
ready
Subscribed to #
{}
ready
Subscribed to #
Subscribed to #
Subscribed to #
{}
ready
Subscribed to #
{}
ready
Subscribed to #
Subscribed to #
Subscribed to #
Subscribed to #
Subscribed to #
Subscribed to #
Subscribed to #
Subscribed to #
Subscribed to #
Subscribed to #
Subscribed to #
Subscribed to #
Subscribed to #
Subscribed to #
Subscribed to #
Subscribed to #
Subscribed to #
Subscribed to #
Subscribed to #
Subscribed to #
Subscribed to #
Subscribed to #
Subscribed to #
Subscribed to #
Subscribed to #
Subscribed to #
Subscribed to #
Subscribed to #
Subscribed to #
Subscribed to #
Subscribed to #
{}
ready
Subscribed to #
{ pcs: 0,
  status: 'OPEN',
  completed: false,
  _id: 5c76d8c0c8782e2e980586fa,
  orderId: 'O1',
  machine: 'green',
  updated_at: 2019-02-27T18:36:48.906Z,
  time: 1551292608907,
  __v: 0 }
{ pcs: 1,
  status: 'OPEN',
  completed: false,
  _id: 5c76d8c0c8782e2e980586fa,
  orderId: 'O1',
  machine: 'green',
  updated_at: 2019-02-27T18:36:48.906Z,
  time: 1551292608907,
  __v: 0 }
{ pcs: 2,
  status: 'OPEN',
  completed: false,
  _id: 5c76d8c0c8782e2e980586fa,
  orderId: 'O1',
  machine: 'green',
  updated_at: 2019-02-27T18:36:48.906Z,
  time: 1551292608907,
  __v: 0 }
{ pcs: 3,
  status: 'OPEN',
  completed: false,
  _id: 5c76d8c0c8782e2e980586fa,
  orderId: 'O1',
  machine: 'green',
  updated_at: 2019-02-27T18:36:48.906Z,
  time: 1551292608907,
  __v: 0 }
{ pcs: 4,
  status: 'OPEN',
  completed: false,
  _id: 5c76d8c0c8782e2e980586fa,
  orderId: 'O1',
  machine: 'green',
  updated_at: 2019-02-27T18:36:48.906Z,
  time: 1551292608907,
  __v: 0 }
{ pcs: 0,
  status: 'OPEN',
  completed: false,
  _id: 5c76d8c0c8782e2e980586fc,
  orderId: 'O3',
  machine: 'blue',
  updated_at: 2019-02-27T18:36:48.945Z,
  time: 1551292608945,
  __v: 0 }
{ pcs: 1,
  status: 'OPEN',
  completed: false,
  _id: 5c76d8c0c8782e2e980586fc,
  orderId: 'O3',
  machine: 'blue',
  updated_at: 2019-02-27T18:36:48.945Z,
  time: 1551292608945,
  __v: 0 }
{ pcs: 2,
  status: 'OPEN',
  completed: false,
  _id: 5c76d8c0c8782e2e980586fc,
  orderId: 'O3',
  machine: 'blue',
  updated_at: 2019-02-27T18:36:48.945Z,
  time: 1551292608945,
  __v: 0 }
Subscribed to #
Subscribed to #
{}
ready
Subscribed to #
{}
ready
Subscribed to #
{}
ready
Subscribed to #
{}
ready
Subscribed to #
{}
ready
Subscribed to #
{ MongoError: Unsupported projection option: sort: { time: 1 }
    at D:\project\m2d\node_modules\mongoose\node_modules\mongodb-core\lib\connection\pool.js:581:63
    at authenticateStragglers (D:\project\m2d\node_modules\mongoose\node_modules\mongodb-core\lib\connection\pool.js:504:16)
    at Connection.messageHandler (D:\project\m2d\node_modules\mongoose\node_modules\mongodb-core\lib\connection\pool.js:540:5)
    at emitMessageHandler (D:\project\m2d\node_modules\mongoose\node_modules\mongodb-core\lib\connection\connection.js:310:10)
    at Socket.<anonymous> (D:\project\m2d\node_modules\mongoose\node_modules\mongodb-core\lib\connection\connection.js:453:17)
    at Socket.emit (events.js:182:13)
    at addChunk (_stream_readable.js:283:12)
    at readableAddChunk (_stream_readable.js:264:11)
    at Socket.Readable.push (_stream_readable.js:219:10)
    at TCP.onStreamRead [as onread] (internal/stream_base_commons.js:94:17)
  ok: 0,
  errmsg: 'Unsupported projection option: sort: { time: 1 }',
  code: 2,
  codeName: 'BadValue',
  name: 'MongoError',
  [Symbol(mongoErrorContextSymbol)]: {} }
{}
ready
Subscribed to #
{ MongooseError: No _id found on document!
    at new MongooseError (D:\project\m2d\node_modules\mongoose\lib\error\mongooseError.js:13:11)
    at model._where [as $__where] (D:\project\m2d\node_modules\mongoose\lib\model.js:858:12)
    at model.Model.$__handleSave (D:\project\m2d\node_modules\mongoose\lib\model.js:294:26)
    at model.Model.$__save (D:\project\m2d\node_modules\mongoose\lib\model.js:326:8)
    at D:\project\m2d\node_modules\kareem\index.js:278:20
    at _next (D:\project\m2d\node_modules\kareem\index.js:102:16)
    at process.nextTick (D:\project\m2d\node_modules\kareem\index.js:499:38)
    at process._tickCallback (internal/process/next_tick.js:61:11) message: 'No _id found on document!', name: 'MongooseError' }
{ MongooseError: No _id found on document!
    at new MongooseError (D:\project\m2d\node_modules\mongoose\lib\error\mongooseError.js:13:11)
    at model._where [as $__where] (D:\project\m2d\node_modules\mongoose\lib\model.js:858:12)
    at model.Model.$__handleSave (D:\project\m2d\node_modules\mongoose\lib\model.js:294:26)
    at model.Model.$__save (D:\project\m2d\node_modules\mongoose\lib\model.js:326:8)
    at D:\project\m2d\node_modules\kareem\index.js:278:20
    at _next (D:\project\m2d\node_modules\kareem\index.js:102:16)
    at process.nextTick (D:\project\m2d\node_modules\kareem\index.js:499:38)
    at process._tickCallback (internal/process/next_tick.js:61:11) message: 'No _id found on document!', name: 'MongooseError' }
{}
ready
Subscribed to #
{ MongooseError: No _id found on document!
    at new MongooseError (D:\project\m2d\node_modules\mongoose\lib\error\mongooseError.js:13:11)
    at model._where [as $__where] (D:\project\m2d\node_modules\mongoose\lib\model.js:858:12)
    at model.Model.$__handleSave (D:\project\m2d\node_modules\mongoose\lib\model.js:294:26)
    at model.Model.$__save (D:\project\m2d\node_modules\mongoose\lib\model.js:326:8)
    at D:\project\m2d\node_modules\kareem\index.js:278:20
    at _next (D:\project\m2d\node_modules\kareem\index.js:102:16)
    at process.nextTick (D:\project\m2d\node_modules\kareem\index.js:499:38)
    at process._tickCallback (internal/process/next_tick.js:61:11) message: 'No _id found on document!', name: 'MongooseError' }
{}
ready
Subscribed to #
{}
ready
Subscribed to #
{}
ready
Subscribed to #
{}
ready
Subscribed to #
{}
ready
Subscribed to #
Subscribed to #
Subscribed to #
Subscribed to #
Subscribed to #
Subscribed to #
Subscribed to #
Subscribed to #
Subscribed to #
Subscribed to #
Subscribed to #
Subscribed to #
Subscribed to #
Subscribed to #
Subscribed to #
Subscribed to #
Subscribed to #
Subscribed to #
Subscribed to #
Subscribed to #
Subscribed to #
Subscribed to #
Subscribed to #
Subscribed to #
Subscribed to #
Subscribed to #
Subscribed to #
Subscribed to #
Subscribed to #
Subscribed to #
Subscribed to #
Subscribed to #
Subscribed to #
Subscribed to #
Subscribed to #
Subscribed to #
Subscribed to #
Subscribed to #
Subscribed to #
Subscribed to #
Subscribed to #
Subscribed to #
Subscribed to #
Subscribed to #
Subscribed to #
Subscribed to #
Subscribed to #
Subscribed to #
Subscribed to #
Subscribed to #
Subscribed to #
Subscribed to #
Subscribed to #
Subscribed to #
Subscribed to #
Subscribed to #
Subscribed to #
Subscribed to #
Subscribed to #
Subscribed to #
Subscribed to #
Subscribed to #
Subscribed to #
Subscribed to #
Subscribed to #
Subscribed to #
Subscribed to #
Subscribed to #
Subscribed to #
Subscribed to #
Subscribed to #
Subscribed to #
Subscribed to #
Subscribed to #
Subscribed to #
Subscribed to #
Subscribed to #
Subscribed to #
Subscribed to #
Subscribed to #
Subscribed to #
Subscribed to #
Subscribed to #
Subscribed to #
Subscribed to #
Subscribed to #
Subscribed to #
Subscribed to #
Subscribed to #
Subscribed to #
Subscribed to #
Subscribed to #
Subscribed to #
Subscribed to #
Subscribed to #
Subscribed to #
Subscribed to #
Subscribed to #
Subscribed to #
Subscribed to #
Subscribed to #
Subscribed to #
Subscribed to #
Subscribed to #
Subscribed to #
Subscribed to #
Subscribed to #
Subscribed to #
Subscribed to #
Subscribed to #
Subscribed to #
Subscribed to #
Subscribed to #
Subscribed to #
{}
ready
Subscribed to #
{}
ready
Subscribed to #
{}
ready
Subscribed to #
Subscribed to #
Subscribed to #
Subscribed to #
Subscribed to #
Subscribed to #
Subscribed to #
Subscribed to #
Subscribed to #
Subscribed to #
Subscribed to #
Subscribed to #
Subscribed to #
Subscribed to #
{}
ready
Subscribed to #
{}
ready
Subscribed to #
Subscribed to #
Subscribed to #
Subscribed to #
Subscribed to #
{}
ready
Subscribed to #
Subscribed to #
Subscribed to #
Subscribed to #
Subscribed to #
Subscribed to #
Subscribed to #
Subscribed to #
Subscribed to #
Subscribed to #
Subscribed to #
Subscribed to #
Subscribed to #
Subscribed to #
Subscribed to #
Subscribed to #
Subscribed to #
Subscribed to #
Subscribed to #
Subscribed to #
Subscribed to #
Subscribed to #
Subscribed to #
Subscribed to #
Subscribed to #
Subscribed to #
Subscribed to #
Subscribed to #
Subscribed to #
Subscribed to #
Subscribed to #
Subscribed to #
Subscribed to #
Subscribed to #
Subscribed to #
Subscribed to #
Subscribed to #
Subscribed to #
Subscribed to #
{}
ready
Subscribed to #
Subscribed to #
Subscribed to #
Subscribed to #
Subscribed to #
Subscribed to #
Subscribed to #
Subscribed to #
Subscribed to #
Subscribed to #
Subscribed to #
Subscribed to #
Subscribed to #
Subscribed to #
Subscribed to #
Subscribed to #
Subscribed to #
Subscribed to #
Subscribed to #
Subscribed to #
Subscribed to #
Subscribed to #
{}
ready
Subscribed to #
Subscribed to #
Subscribed to #
Subscribed to #
Subscribed to #
Subscribed to #
Subscribed to #
Subscribed to #
Subscribed to #
Subscribed to #
Subscribed to #
Subscribed to #
Subscribed to #
Subscribed to #
Subscribed to #
Subscribed to #
Subscribed to #
Subscribed to #
Subscribed to #
Subscribed to #
Subscribed to #
Subscribed to #
Subscribed to #
Subscribed to #
Subscribed to #
Subscribed to #
Subscribed to #
Subscribed to #
Subscribed to #
Subscribed to #
Subscribed to #
Subscribed to #
Subscribed to #
Subscribed to #
Subscribed to #
Subscribed to #
Subscribed to #
Subscribed to #
Subscribed to #
Subscribed to #
Subscribed to #
Subscribed to #
Subscribed to #
Subscribed to #
Subscribed to #
Subscribed to #
Subscribed to #
Subscribed to #
Subscribed to #
Subscribed to #
Subscribed to #
Subscribed to #
Subscribed to #
Subscribed to #
Subscribed to #
Subscribed to #
Subscribed to #
Subscribed to #
Subscribed to #
Subscribed to #
Subscribed to #
Subscribed to #
Subscribed to #
Subscribed to #
Subscribed to #
Subscribed to #
Subscribed to #
Subscribed to #
Subscribed to #
Subscribed to #
Subscribed to #
Subscribed to #
Subscribed to #
Subscribed to #
Subscribed to #
Subscribed to #
Subscribed to #
Subscribed to #
Subscribed to #
Subscribed to #
Subscribed to #
Subscribed to #
Subscribed to #
Subscribed to #
Subscribed to #
Subscribed to #
Subscribed to #
Subscribed to #
Subscribed to #
Subscribed to #
Subscribed to #
Subscribed to #
Subscribed to #
Subscribed to #
Subscribed to #
Subscribed to #
Subscribed to #
Subscribed to #
Subscribed to #
Subscribed to #
Subscribed to #
Subscribed to #
Subscribed to #
Subscribed to #
Subscribed to #
Subscribed to #
Subscribed to #
Subscribed to #
Subscribed to #
Subscribed to #
Subscribed to #
Subscribed to #
Subscribed to #
Subscribed to #
Subscribed to #
Subscribed to #
Subscribed to #
Subscribed to #
Subscribed to #
Subscribed to #
Subscribed to #
Subscribed to #
Subscribed to #
Subscribed to #
Subscribed to #
Subscribed to #
Subscribed to #
Subscribed to #
Subscribed to #
Subscribed to #
Subscribed to #
Subscribed to #
Subscribed to #
Subscribed to #
Subscribed to #
Subscribed to #
Subscribed to #
Subscribed to #
Subscribed to #
Subscribed to #
Subscribed to #
Subscribed to #
Subscribed to #
Subscribed to #
Subscribed to #
Subscribed to #
Subscribed to #
Subscribed to #
Subscribed to #
Subscribed to #
Subscribed to #
Subscribed to #
Subscribed to #
Subscribed to #
Subscribed to #
Subscribed to #
Subscribed to #
Subscribed to #
Subscribed to #
Subscribed to #
Subscribed to #
Subscribed to #
Subscribed to #
Subscribed to #
Subscribed to #
Subscribed to #
Subscribed to #
Subscribed to #
Subscribed to #
Subscribed to #
Subscribed to #
Subscribed to #
Subscribed to #
Subscribed to #
Subscribed to #
Subscribed to #
Subscribed to #
Subscribed to #
Subscribed to #
Subscribed to #
Subscribed to #
Subscribed to #
Subscribed to #
Subscribed to #
Subscribed to #
Subscribed to #
Subscribed to #
Subscribed to #
Subscribed to #
Subscribed to #
Subscribed to #
Subscribed to #
Subscribed to #
Subscribed to #
Subscribed to #
Subscribed to #
Subscribed to #
Subscribed to #
Subscribed to #
Subscribed to #
Subscribed to #
Subscribed to #
Subscribed to #
Subscribed to #
Subscribed to #
Subscribed to #
Subscribed to #
Subscribed to #
Subscribed to #
Subscribed to #
Subscribed to #
Subscribed to #
Subscribed to #
Subscribed to #
Subscribed to #
Subscribed to #
Subscribed to #
Subscribed to #
Subscribed to #
Subscribed to #
Subscribed to #
Subscribed to #
Subscribed to #
Subscribed to #
Subscribed to #
Subscribed to #
Subscribed to #
Subscribed to #
Subscribed to #
Subscribed to #
Subscribed to #
Subscribed to #
Subscribed to #
Subscribed to #
Subscribed to #
Subscribed to #
Subscribed to #
Subscribed to #
Subscribed to #
Subscribed to #
Subscribed to #
Subscribed to #
Subscribed to #
Subscribed to #
Subscribed to #
Subscribed to #
Subscribed to #
Subscribed to #
Subscribed to #
Subscribed to #
Subscribed to #
Subscribed to #
Subscribed to #
Subscribed to #
Subscribed to #
Subscribed to #
Subscribed to #
Subscribed to #
Subscribed to #
Subscribed to #
Subscribed to #
Subscribed to #
Subscribed to #
Subscribed to #
Subscribed to #
Subscribed to #
Subscribed to #
{}
ready
Subscribed to #
Subscribed to #
Subscribed to #
Subscribed to #
Subscribed to #
Subscribed to #
Subscribed to #
Subscribed to #
Subscribed to #
Subscribed to #
Subscribed to #
Subscribed to #
Subscribed to #
Subscribed to #
Subscribed to #
Subscribed to #
Subscribed to #
Subscribed to #
Subscribed to #
Subscribed to #
Subscribed to #
Subscribed to #
Subscribed to #
Subscribed to #
Subscribed to #
Subscribed to #
Subscribed to #
Subscribed to #
Subscribed to #
Subscribed to #
Subscribed to #
Subscribed to #
Subscribed to #
Subscribed to #
Subscribed to #
Subscribed to #
Subscribed to #
Subscribed to #
Subscribed to #
Subscribed to #
Subscribed to #
Subscribed to #
Subscribed to #
Subscribed to #
Subscribed to #
Subscribed to #
Subscribed to #
Subscribed to #
Subscribed to #
Subscribed to #
Subscribed to #
Subscribed to #
Subscribed to #
Subscribed to #
Subscribed to #
Subscribed to #
Subscribed to #
Subscribed to #
Subscribed to #
Subscribed to #
Subscribed to #
Subscribed to #
Subscribed to #
Subscribed to #
Subscribed to #
Subscribed to #
Subscribed to #
Subscribed to #
Subscribed to #
Subscribed to #
Subscribed to #
Subscribed to #
Subscribed to #
Subscribed to #
Subscribed to #
Subscribed to #
Subscribed to #
Subscribed to #
Subscribed to #
Subscribed to #
Subscribed to #
Subscribed to #
Subscribed to #
Subscribed to #
Subscribed to #
Subscribed to #
Subscribed to #
Subscribed to #
Subscribed to #
Subscribed to #
Subscribed to #
Subscribed to #
Subscribed to #
Subscribed to #
Subscribed to #
Subscribed to #
Subscribed to #
Subscribed to #
Subscribed to #
Subscribed to #
Subscribed to #
Subscribed to #
Subscribed to #
Subscribed to #
Subscribed to #
Subscribed to #
Subscribed to #
Subscribed to #
Subscribed to #
Subscribed to #
Subscribed to #
Subscribed to #
Subscribed to #
Subscribed to #
Subscribed to #
Subscribed to #
Subscribed to #
Subscribed to #
